<?xml version="1.0" encoding="UTF-8"?>
<testsuite name="com.ohgiraffers.section02.crud.EntityManagerCRUDTests" tests="1" skipped="0" failures="0" errors="0" timestamp="2024-06-05T02:27:05" hostname="PARKCHANWOO" time="1.937">
  <properties/>
  <testcase name="[1] 1, 변경된 메뉴" classname="com.ohgiraffers.section02.crud.EntityManagerCRUDTests" time="1.937"/>
  <system-out><![CDATA[Hibernate: 
    select
        m1_0.menu_code,
        m1_0.category_code,
        m1_0.menu_name,
        m1_0.menu_price,
        m1_0.orderable_status 
    from
        tbl_menu m1_0 
    where
        m1_0.menu_code=?
Hibernate: 
    update
        tbl_menu 
    set
        category_code=?,
        menu_name=?,
        menu_price=?,
        orderable_status=? 
    where
        menu_code=?
]]></system-out>
  <system-err><![CDATA[6월 05, 2024 11:27:05 오전 org.hibernate.jpa.internal.util.LogHelper logPersistenceUnitInformation
INFO: HHH000204: Processing PersistenceUnitInfo [name: jpatest]
6월 05, 2024 11:27:05 오전 org.hibernate.Version logVersion
INFO: HHH000412: Hibernate ORM core version 6.3.1.Final
6월 05, 2024 11:27:05 오전 org.hibernate.cache.internal.RegionFactoryInitiator initiateService
INFO: HHH000026: Second-level cache disabled
6월 05, 2024 11:27:05 오전 org.hibernate.engine.jdbc.connections.internal.DriverManagerConnectionProviderImpl configure
WARN: HHH10001002: Using built-in connection pool (not intended for production use)
6월 05, 2024 11:27:05 오전 org.hibernate.engine.jdbc.connections.internal.DriverManagerConnectionProviderImpl buildCreator
INFO: HHH10001005: Loaded JDBC driver class: com.mysql.cj.jdbc.Driver
6월 05, 2024 11:27:05 오전 org.hibernate.engine.jdbc.connections.internal.DriverManagerConnectionProviderImpl buildCreator
INFO: HHH10001012: Connecting with JDBC URL [jdbc:mysql://localhost:3306/menudb]
6월 05, 2024 11:27:05 오전 org.hibernate.engine.jdbc.connections.internal.DriverManagerConnectionProviderImpl buildCreator
INFO: HHH10001001: Connection properties: {password=****, user=ohgiraffers}
6월 05, 2024 11:27:05 오전 org.hibernate.engine.jdbc.connections.internal.DriverManagerConnectionProviderImpl buildCreator
INFO: HHH10001003: Autocommit mode: false
6월 05, 2024 11:27:05 오전 org.hibernate.engine.jdbc.connections.internal.DriverManagerConnectionProviderImpl$PooledConnections <init>
INFO: HHH10001115: Connection pool size: 20 (min=1)
6월 05, 2024 11:27:07 오전 org.hibernate.engine.transaction.jta.platform.internal.JtaPlatformInitiator initiateService
INFO: HHH000489: No JTA platform available (set 'hibernate.transaction.jta.platform' to enable JTA platform integration)
]]></system-err>
</testsuite>
